Traceback (most recent call last):
  File "C:\Users\smontano\AppData\Local\Programs\Python\Python310\lib\site-packages\jupyter_core\utils\__init__.py", line 154, in wrapped
    asyncio.get_running_loop()
RuntimeError: no running event loop

During handling of the above exception, another exception occurred:

Traceback (most recent call last):
  File "C:\Users\smontano\AppData\Local\Programs\Python\Python310\lib\site-packages\jupyter_cache\executors\utils.py", line 58, in single_nb_execution
    executenb(
  File "C:\Users\smontano\AppData\Local\Programs\Python\Python310\lib\site-packages\nbclient\client.py", line 1319, in execute
    return NotebookClient(nb=nb, resources=resources, km=km, **kwargs).execute()
  File "C:\Users\smontano\AppData\Local\Programs\Python\Python310\lib\site-packages\jupyter_core\utils\__init__.py", line 158, in wrapped
    return loop.run_until_complete(inner)
  File "C:\Users\smontano\AppData\Local\Programs\Python\Python310\lib\asyncio\base_events.py", line 641, in run_until_complete
    return future.result()
  File "C:\Users\smontano\AppData\Local\Programs\Python\Python310\lib\site-packages\nbclient\client.py", line 709, in async_execute
    await self.async_execute_cell(
  File "C:\Users\smontano\AppData\Local\Programs\Python\Python310\lib\site-packages\nbclient\client.py", line 1062, in async_execute_cell
    await self._check_raise_for_error(cell, cell_index, exec_reply)
  File "C:\Users\smontano\AppData\Local\Programs\Python\Python310\lib\site-packages\nbclient\client.py", line 918, in _check_raise_for_error
    raise CellExecutionError.from_cell_and_msg(cell, exec_reply_content)
nbclient.exceptions.CellExecutionError: An error occurred while executing the following cell:
------------------
#Limpiar espacio de trabajo
rm(list = ls())
install.packages('haven')
library('haven')

#Cargar datos
link_datos <- 'https://www.dropbox.com/scl/fi/83tubficanfbebflaekwi/Saber11_Colegios.dta?rlkey=o6p9e75c2zuqpt86ivjvezwzs&dl=1'
datos <- read_dta(link_datos)
attach(datos)
------------------

----- stderr -----
Installing package into 'C:/Users/smontano/AppData/Local/R/win-library/4.3'
(as 'lib' is unspecified)
----- stdout -----

  There is a binary version available but the source version is later:
      binary source needs_compilation
haven  2.5.4  2.5.5              TRUE
----- stderr -----
installing the source package 'haven'
----- stderr -----
Warning message in install.packages("haven"):
"installation of package 'haven' had non-zero exit status"
------------------

Error in library("haven"): there is no package called 'haven'
Traceback:

1. stop(packageNotFoundError(package, lib.loc, sys.call()))

